<?xml version="1.0" encoding="UTF-8"?>
<coverage generated="1675700539139" clover="3.2.0">
  <project timestamp="1675700539139" name="All files">
    <metrics statements="109" coveredstatements="96" conditionals="18" coveredconditionals="12" methods="40" coveredmethods="32" elements="167" coveredelements="140" complexity="0" loc="109" ncloc="109" packages="5" files="10" classes="10"/>
    <package name="src">
      <metrics statements="1" coveredstatements="1" conditionals="0" coveredconditionals="0" methods="1" coveredmethods="1"/>
      <file name="App.js" path="/home/igor/Desktop/TRYBE/projetos/FrontEnd/sd-027-b-project-trybewallet/src/App.js">
        <metrics statements="1" coveredstatements="1" conditionals="0" coveredconditionals="0" methods="1" coveredmethods="1"/>
        <line num="8" count="7" type="stmt"/>
      </file>
    </package>
    <package name="src.components">
      <metrics statements="49" coveredstatements="40" conditionals="4" coveredconditionals="2" methods="20" coveredmethods="16"/>
      <file name="Header.jsx" path="/home/igor/Desktop/TRYBE/projetos/FrontEnd/sd-027-b-project-trybewallet/src/components/Header.jsx">
        <metrics statements="7" coveredstatements="7" conditionals="0" coveredconditionals="0" methods="3" coveredmethods="3"/>
        <line num="10" count="8" type="stmt"/>
        <line num="11" count="8" type="stmt"/>
        <line num="12" count="8" type="stmt"/>
        <line num="13" count="8" type="stmt"/>
        <line num="16" count="8" type="stmt"/>
        <line num="42" count="9" type="stmt"/>
        <line num="47" count="2" type="stmt"/>
      </file>
      <file name="Table.jsx" path="/home/igor/Desktop/TRYBE/projetos/FrontEnd/sd-027-b-project-trybewallet/src/components/Table.jsx">
        <metrics statements="13" coveredstatements="10" conditionals="0" coveredconditionals="0" methods="7" coveredmethods="5"/>
        <line num="8" count="5" type="stmt"/>
        <line num="9" count="1" type="stmt"/>
        <line num="10" count="1" type="stmt"/>
        <line num="13" count="5" type="stmt"/>
        <line num="14" count="0" type="stmt"/>
        <line num="15" count="0" type="stmt"/>
        <line num="19" count="8" type="stmt"/>
        <line num="20" count="8" type="stmt"/>
        <line num="59" count="8" type="stmt"/>
        <line num="89" count="0" type="stmt"/>
        <line num="97" count="1" type="stmt"/>
        <line num="113" count="2" type="stmt"/>
        <line num="124" count="9" type="stmt"/>
      </file>
      <file name="WalletForm.jsx" path="/home/igor/Desktop/TRYBE/projetos/FrontEnd/sd-027-b-project-trybewallet/src/components/WalletForm.jsx">
        <metrics statements="29" coveredstatements="23" conditionals="4" coveredconditionals="2" methods="10" coveredmethods="8"/>
        <line num="10" count="5" type="stmt"/>
        <line num="21" count="5" type="stmt"/>
        <line num="22" count="5" type="stmt"/>
        <line num="25" count="5" type="stmt"/>
        <line num="26" count="14" type="stmt"/>
        <line num="31" count="5" type="stmt"/>
        <line num="32" count="2" type="stmt"/>
        <line num="33" count="2" type="stmt"/>
        <line num="35" count="2" type="stmt"/>
        <line num="39" count="2" type="stmt"/>
        <line num="40" count="2" type="stmt"/>
        <line num="49" count="2" type="stmt"/>
        <line num="53" count="5" type="stmt"/>
        <line num="54" count="0" type="stmt"/>
        <line num="55" count="0" type="stmt"/>
        <line num="56" count="0" type="stmt"/>
        <line num="59" count="0" type="stmt"/>
        <line num="62" count="5" type="stmt"/>
        <line num="63" count="2" type="stmt"/>
        <line num="64" count="2" type="cond" truecount="1" falsecount="1"/>
        <line num="65" count="0" type="stmt"/>
        <line num="66" count="0" type="stmt"/>
        <line num="68" count="2" type="stmt"/>
        <line num="72" count="25" type="stmt"/>
        <line num="73" count="25" type="stmt"/>
        <line num="74" count="25" type="stmt"/>
        <line num="106" count="45" type="stmt"/>
        <line num="161" count="2" type="stmt"/>
        <line num="173" count="9" type="stmt"/>
      </file>
    </package>
    <package name="src.pages">
      <metrics statements="17" coveredstatements="17" conditionals="2" coveredconditionals="2" methods="5" coveredmethods="5"/>
      <file name="Login.jsx" path="/home/igor/Desktop/TRYBE/projetos/FrontEnd/sd-027-b-project-trybewallet/src/pages/Login.jsx">
        <metrics statements="16" coveredstatements="16" conditionals="2" coveredconditionals="2" methods="4" coveredmethods="4"/>
        <line num="9" count="4" type="stmt"/>
        <line num="16" count="4" type="stmt"/>
        <line num="17" count="101" type="stmt"/>
        <line num="19" count="101" type="stmt"/>
        <line num="25" count="4" type="stmt"/>
        <line num="26" count="44" type="stmt"/>
        <line num="27" count="44" type="stmt"/>
        <line num="28" count="44" type="stmt"/>
        <line num="34" count="4" type="stmt"/>
        <line num="35" count="2" type="stmt"/>
        <line num="36" count="2" type="stmt"/>
        <line num="37" count="2" type="stmt"/>
        <line num="38" count="2" type="stmt"/>
        <line num="47" count="149" type="stmt"/>
        <line num="49" count="149" type="stmt"/>
        <line num="89" count="2" type="stmt"/>
      </file>
      <file name="Wallet.jsx" path="/home/igor/Desktop/TRYBE/projetos/FrontEnd/sd-027-b-project-trybewallet/src/pages/Wallet.jsx">
        <metrics statements="1" coveredstatements="1" conditionals="0" coveredconditionals="0" methods="1" coveredmethods="1"/>
        <line num="8" count="5" type="stmt"/>
      </file>
    </package>
    <package name="src.redux.actions">
      <metrics statements="24" coveredstatements="23" conditionals="0" coveredconditionals="0" methods="10" coveredmethods="7"/>
      <file name="index.js" path="/home/igor/Desktop/TRYBE/projetos/FrontEnd/sd-027-b-project-trybewallet/src/redux/actions/index.js">
        <metrics statements="24" coveredstatements="23" conditionals="0" coveredconditionals="0" methods="10" coveredmethods="7"/>
        <line num="3" count="2" type="stmt"/>
        <line num="5" count="2" type="stmt"/>
        <line num="6" count="2" type="stmt"/>
        <line num="7" count="2" type="stmt"/>
        <line num="8" count="2" type="stmt"/>
        <line num="9" count="2" type="stmt"/>
        <line num="10" count="2" type="stmt"/>
        <line num="13" count="2" type="stmt"/>
        <line num="18" count="2" type="stmt"/>
        <line num="23" count="2" type="stmt"/>
        <line num="28" count="2" type="stmt"/>
        <line num="33" count="2" type="stmt"/>
        <line num="38" count="2" type="stmt"/>
        <line num="43" count="2" type="stmt"/>
        <line num="48" count="2" type="stmt"/>
        <line num="49" count="7" type="stmt"/>
        <line num="50" count="4" type="stmt"/>
        <line num="51" count="4" type="stmt"/>
        <line num="54" count="5" type="stmt"/>
        <line num="55" count="5" type="stmt"/>
        <line num="56" count="5" type="stmt"/>
        <line num="57" count="2" type="stmt"/>
        <line num="58" count="2" type="stmt"/>
        <line num="60" count="0" type="stmt"/>
      </file>
    </package>
    <package name="src.redux.reducers">
      <metrics statements="18" coveredstatements="15" conditionals="12" coveredconditionals="8" methods="4" coveredmethods="3"/>
      <file name="index.js" path="/home/igor/Desktop/TRYBE/projetos/FrontEnd/sd-027-b-project-trybewallet/src/redux/reducers/index.js">
        <metrics statements="1" coveredstatements="1" conditionals="0" coveredconditionals="0" methods="0" coveredmethods="0"/>
        <line num="8" count="2" type="stmt"/>
      </file>
      <file name="user.js" path="/home/igor/Desktop/TRYBE/projetos/FrontEnd/sd-027-b-project-trybewallet/src/redux/reducers/user.js">
        <metrics statements="5" coveredstatements="5" conditionals="3" coveredconditionals="3" methods="1" coveredmethods="1"/>
        <line num="4" count="2" type="stmt"/>
        <line num="8" count="2" type="cond" truecount="1" falsecount="0"/>
        <line num="9" count="18" type="cond" truecount="2" falsecount="0"/>
        <line num="11" count="2" type="stmt"/>
        <line num="15" count="16" type="stmt"/>
      </file>
      <file name="wallet.js" path="/home/igor/Desktop/TRYBE/projetos/FrontEnd/sd-027-b-project-trybewallet/src/redux/reducers/wallet.js">
        <metrics statements="12" coveredstatements="9" conditionals="9" coveredconditionals="5" methods="3" coveredmethods="2"/>
        <line num="6" count="2" type="stmt"/>
        <line num="13" count="2" type="cond" truecount="1" falsecount="0"/>
        <line num="14" count="18" type="cond" truecount="4" falsecount="2"/>
        <line num="16" count="2" type="stmt"/>
        <line num="17" count="2" type="stmt"/>
        <line num="22" count="2" type="stmt"/>
        <line num="27" count="1" type="stmt"/>
        <line num="29" count="2" type="stmt"/>
        <line num="32" count="0" type="stmt"/>
        <line num="38" count="0" type="stmt"/>
        <line num="42" count="0" type="cond" truecount="0" falsecount="2"/>
        <line num="49" count="13" type="stmt"/>
      </file>
    </package>
  </project>
</coverage>
