{"/home/igor/Desktop/TRYBE/projetos/FrontEnd/sd-027-b-project-trybewallet/src/App.js": {"path":"/home/igor/Desktop/TRYBE/projetos/FrontEnd/sd-027-b-project-trybewallet/src/App.js","statementMap":{"0":{"start":{"line":8,"column":4},"end":{"line":15,"column":6}}},"fnMap":{"0":{"name":"(anonymous_0)","decl":{"start":{"line":7,"column":2},"end":{"line":7,"column":3}},"loc":{"start":{"line":7,"column":11},"end":{"line":16,"column":3}},"line":7}},"branchMap":{},"s":{"0":7},"f":{"0":7},"b":{},"_coverageSchema":"1a1c01bbd47fc00a2c39e90264f33305004495a9","hash":"475e3cde10434d2e519c4debd4ae7ef6a13b5de8"}
,"/home/igor/Desktop/TRYBE/projetos/FrontEnd/sd-027-b-project-trybewallet/src/components/Header.jsx": {"path":"/home/igor/Desktop/TRYBE/projetos/FrontEnd/sd-027-b-project-trybewallet/src/components/Header.jsx","statementMap":{"0":{"start":{"line":10,"column":36},"end":{"line":10,"column":46}},"1":{"start":{"line":11,"column":18},"end":{"line":14,"column":20}},"2":{"start":{"line":12,"column":22},"end":{"line":12,"column":45}},"3":{"start":{"line":13,"column":6},"end":{"line":13,"column":49}},"4":{"start":{"line":16,"column":4},"end":{"line":38,"column":6}},"5":{"start":{"line":42,"column":24},"end":{"line":45,"column":2}},"6":{"start":{"line":42,"column":36},"end":{"line":45,"column":1}},"7":{"start":{"line":47,"column":0},"end":{"line":49,"column":13}}},"fnMap":{"0":{"name":"(anonymous_0)","decl":{"start":{"line":9,"column":2},"end":{"line":9,"column":3}},"loc":{"start":{"line":9,"column":11},"end":{"line":39,"column":3}},"line":9},"1":{"name":"(anonymous_1)","decl":{"start":{"line":11,"column":34},"end":{"line":11,"column":35}},"loc":{"start":{"line":11,"column":79},"end":{"line":14,"column":5}},"line":11},"2":{"name":"(anonymous_2)","decl":{"start":{"line":42,"column":24},"end":{"line":42,"column":25}},"loc":{"start":{"line":42,"column":36},"end":{"line":45,"column":1}},"line":42}},"branchMap":{},"s":{"0":8,"1":8,"2":8,"3":8,"4":8,"5":2,"6":9,"7":2},"f":{"0":8,"1":8,"2":9},"b":{},"_coverageSchema":"1a1c01bbd47fc00a2c39e90264f33305004495a9","hash":"e93a449ec787f0cd533258a1aec6820f19a3c165"}
,"/home/igor/Desktop/TRYBE/projetos/FrontEnd/sd-027-b-project-trybewallet/src/components/Table.jsx": {"path":"/home/igor/Desktop/TRYBE/projetos/FrontEnd/sd-027-b-project-trybewallet/src/components/Table.jsx","statementMap":{"0":{"start":{"line":8,"column":18},"end":{"line":11,"column":3}},"1":{"start":{"line":9,"column":25},"end":{"line":9,"column":35}},"2":{"start":{"line":10,"column":4},"end":{"line":10,"column":32}},"3":{"start":{"line":13,"column":20},"end":{"line":16,"column":3}},"4":{"start":{"line":14,"column":25},"end":{"line":14,"column":35}},"5":{"start":{"line":15,"column":4},"end":{"line":15,"column":28}},"6":{"start":{"line":19,"column":25},"end":{"line":19,"column":35}},"7":{"start":{"line":20,"column":4},"end":{"line":109,"column":6}},"8":{"start":{"line":59,"column":16},"end":{"line":103,"column":21}},"9":{"start":{"line":89,"column":38},"end":{"line":89,"column":62}},"10":{"start":{"line":97,"column":38},"end":{"line":97,"column":60}},"11":{"start":{"line":113,"column":0},"end":{"line":122,"column":2}},"12":{"start":{"line":124,"column":24},"end":{"line":126,"column":2}},"13":{"start":{"line":124,"column":36},"end":{"line":126,"column":1}}},"fnMap":{"0":{"name":"(anonymous_0)","decl":{"start":{"line":8,"column":18},"end":{"line":8,"column":19}},"loc":{"start":{"line":8,"column":26},"end":{"line":11,"column":3}},"line":8},"1":{"name":"(anonymous_1)","decl":{"start":{"line":13,"column":20},"end":{"line":13,"column":21}},"loc":{"start":{"line":13,"column":28},"end":{"line":16,"column":3}},"line":13},"2":{"name":"(anonymous_2)","decl":{"start":{"line":18,"column":2},"end":{"line":18,"column":3}},"loc":{"start":{"line":18,"column":11},"end":{"line":110,"column":3}},"line":18},"3":{"name":"(anonymous_3)","decl":{"start":{"line":56,"column":27},"end":{"line":56,"column":28}},"loc":{"start":{"line":59,"column":16},"end":{"line":103,"column":21}},"line":59},"4":{"name":"(anonymous_4)","decl":{"start":{"line":89,"column":32},"end":{"line":89,"column":33}},"loc":{"start":{"line":89,"column":38},"end":{"line":89,"column":62}},"line":89},"5":{"name":"(anonymous_5)","decl":{"start":{"line":97,"column":32},"end":{"line":97,"column":33}},"loc":{"start":{"line":97,"column":38},"end":{"line":97,"column":60}},"line":97},"6":{"name":"(anonymous_6)","decl":{"start":{"line":124,"column":24},"end":{"line":124,"column":25}},"loc":{"start":{"line":124,"column":36},"end":{"line":126,"column":1}},"line":124}},"branchMap":{},"s":{"0":5,"1":1,"2":1,"3":5,"4":0,"5":0,"6":8,"7":8,"8":8,"9":0,"10":1,"11":2,"12":2,"13":9},"f":{"0":1,"1":0,"2":8,"3":8,"4":0,"5":1,"6":9},"b":{},"_coverageSchema":"1a1c01bbd47fc00a2c39e90264f33305004495a9","hash":"4582b2d2ecc6dbf7ad4be0c8f0af728b15c02df1"}
,"/home/igor/Desktop/TRYBE/projetos/FrontEnd/sd-027-b-project-trybewallet/src/components/WalletForm.jsx": {"path":"/home/igor/Desktop/TRYBE/projetos/FrontEnd/sd-027-b-project-trybewallet/src/components/WalletForm.jsx","statementMap":{"0":{"start":{"line":10,"column":10},"end":{"line":18,"column":3}},"1":{"start":{"line":21,"column":25},"end":{"line":21,"column":35}},"2":{"start":{"line":22,"column":4},"end":{"line":22,"column":32}},"3":{"start":{"line":25,"column":17},"end":{"line":29,"column":3}},"4":{"start":{"line":26,"column":4},"end":{"line":28,"column":7}},"5":{"start":{"line":31,"column":15},"end":{"line":51,"column":3}},"6":{"start":{"line":32,"column":35},"end":{"line":32,"column":45}},"7":{"start":{"line":33,"column":21},"end":{"line":33,"column":39}},"8":{"start":{"line":35,"column":4},"end":{"line":50,"column":7}},"9":{"start":{"line":39,"column":6},"end":{"line":39,"column":41}},"10":{"start":{"line":40,"column":27},"end":{"line":47,"column":7}},"11":{"start":{"line":49,"column":6},"end":{"line":49,"column":41}},"12":{"start":{"line":53,"column":16},"end":{"line":60,"column":3}},"13":{"start":{"line":54,"column":35},"end":{"line":54,"column":45}},"14":{"start":{"line":55,"column":21},"end":{"line":55,"column":39}},"15":{"start":{"line":56,"column":4},"end":{"line":59,"column":54}},"16":{"start":{"line":59,"column":13},"end":{"line":59,"column":52}},"17":{"start":{"line":62,"column":18},"end":{"line":69,"column":3}},"18":{"start":{"line":63,"column":23},"end":{"line":63,"column":33}},"19":{"start":{"line":64,"column":4},"end":{"line":67,"column":5}},"20":{"start":{"line":65,"column":6},"end":{"line":65,"column":25}},"21":{"start":{"line":66,"column":6},"end":{"line":66,"column":13}},"22":{"start":{"line":68,"column":4},"end":{"line":68,"column":22}},"23":{"start":{"line":72,"column":58},"end":{"line":72,"column":68}},"24":{"start":{"line":73,"column":35},"end":{"line":73,"column":45}},"25":{"start":{"line":74,"column":4},"end":{"line":157,"column":6}},"26":{"start":{"line":106,"column":18},"end":{"line":110,"column":27}},"27":{"start":{"line":161,"column":0},"end":{"line":171,"column":13}},"28":{"start":{"line":173,"column":24},"end":{"line":178,"column":2}},"29":{"start":{"line":173,"column":36},"end":{"line":178,"column":1}}},"fnMap":{"0":{"name":"(anonymous_0)","decl":{"start":{"line":20,"column":2},"end":{"line":20,"column":3}},"loc":{"start":{"line":20,"column":22},"end":{"line":23,"column":3}},"line":20},"1":{"name":"(anonymous_1)","decl":{"start":{"line":25,"column":17},"end":{"line":25,"column":18}},"loc":{"start":{"line":25,"column":50},"end":{"line":29,"column":3}},"line":25},"2":{"name":"(anonymous_2)","decl":{"start":{"line":31,"column":15},"end":{"line":31,"column":16}},"loc":{"start":{"line":31,"column":27},"end":{"line":51,"column":3}},"line":31},"3":{"name":"(anonymous_3)","decl":{"start":{"line":38,"column":7},"end":{"line":38,"column":8}},"loc":{"start":{"line":38,"column":13},"end":{"line":50,"column":5}},"line":38},"4":{"name":"(anonymous_4)","decl":{"start":{"line":53,"column":16},"end":{"line":53,"column":17}},"loc":{"start":{"line":53,"column":28},"end":{"line":60,"column":3}},"line":53},"5":{"name":"(anonymous_5)","decl":{"start":{"line":59,"column":7},"end":{"line":59,"column":8}},"loc":{"start":{"line":59,"column":13},"end":{"line":59,"column":52}},"line":59},"6":{"name":"(anonymous_6)","decl":{"start":{"line":62,"column":18},"end":{"line":62,"column":19}},"loc":{"start":{"line":62,"column":30},"end":{"line":69,"column":3}},"line":62},"7":{"name":"(anonymous_7)","decl":{"start":{"line":71,"column":2},"end":{"line":71,"column":3}},"loc":{"start":{"line":71,"column":11},"end":{"line":158,"column":3}},"line":71},"8":{"name":"(anonymous_8)","decl":{"start":{"line":105,"column":31},"end":{"line":105,"column":32}},"loc":{"start":{"line":106,"column":18},"end":{"line":110,"column":27}},"line":106},"9":{"name":"(anonymous_9)","decl":{"start":{"line":173,"column":24},"end":{"line":173,"column":25}},"loc":{"start":{"line":173,"column":36},"end":{"line":178,"column":1}},"line":173}},"branchMap":{"0":{"loc":{"start":{"line":64,"column":4},"end":{"line":67,"column":5}},"type":"if","locations":[{"start":{"line":64,"column":4},"end":{"line":67,"column":5}},{"start":{},"end":{}}],"line":64},"1":{"loc":{"start":{"line":146,"column":14},"end":{"line":146,"column":45}},"type":"cond-expr","locations":[{"start":{"line":146,"column":23},"end":{"line":146,"column":31}},{"start":{"line":146,"column":34},"end":{"line":146,"column":45}}],"line":146}},"s":{"0":5,"1":5,"2":5,"3":5,"4":14,"5":5,"6":2,"7":2,"8":2,"9":2,"10":2,"11":2,"12":5,"13":0,"14":0,"15":0,"16":0,"17":5,"18":2,"19":2,"20":0,"21":0,"22":2,"23":25,"24":25,"25":25,"26":45,"27":2,"28":2,"29":9},"f":{"0":5,"1":14,"2":2,"3":2,"4":0,"5":0,"6":2,"7":25,"8":45,"9":9},"b":{"0":[0,2],"1":[0,25]},"_coverageSchema":"1a1c01bbd47fc00a2c39e90264f33305004495a9","hash":"23f78130b87cb43c581fde906f8670c92dcfcf6c"}
,"/home/igor/Desktop/TRYBE/projetos/FrontEnd/sd-027-b-project-trybewallet/src/pages/Login.jsx": {"path":"/home/igor/Desktop/TRYBE/projetos/FrontEnd/sd-027-b-project-trybewallet/src/pages/Login.jsx","statementMap":{"0":{"start":{"line":9,"column":10},"end":{"line":14,"column":3}},"1":{"start":{"line":16,"column":16},"end":{"line":23,"column":3}},"2":{"start":{"line":17,"column":24},"end":{"line":17,"column":72}},"3":{"start":{"line":19,"column":4},"end":{"line":22,"column":7}},"4":{"start":{"line":25,"column":19},"end":{"line":32,"column":3}},"5":{"start":{"line":26,"column":22},"end":{"line":26,"column":23}},"6":{"start":{"line":27,"column":27},"end":{"line":27,"column":52}},"7":{"start":{"line":28,"column":4},"end":{"line":31,"column":7}},"8":{"start":{"line":34,"column":16},"end":{"line":39,"column":3}},"9":{"start":{"line":35,"column":22},"end":{"line":35,"column":32}},"10":{"start":{"line":36,"column":34},"end":{"line":36,"column":44}},"11":{"start":{"line":37,"column":4},"end":{"line":37,"column":35}},"12":{"start":{"line":38,"column":4},"end":{"line":38,"column":37}},"13":{"start":{"line":47,"column":8},"end":{"line":47,"column":18}},"14":{"start":{"line":49,"column":4},"end":{"line":85,"column":6}},"15":{"start":{"line":89,"column":0},"end":{"line":94,"column":2}}},"fnMap":{"0":{"name":"(anonymous_0)","decl":{"start":{"line":16,"column":16},"end":{"line":16,"column":17}},"loc":{"start":{"line":16,"column":43},"end":{"line":23,"column":3}},"line":16},"1":{"name":"(anonymous_1)","decl":{"start":{"line":25,"column":19},"end":{"line":25,"column":20}},"loc":{"start":{"line":25,"column":46},"end":{"line":32,"column":3}},"line":25},"2":{"name":"(anonymous_2)","decl":{"start":{"line":34,"column":16},"end":{"line":34,"column":17}},"loc":{"start":{"line":34,"column":22},"end":{"line":39,"column":3}},"line":34},"3":{"name":"(anonymous_3)","decl":{"start":{"line":41,"column":2},"end":{"line":41,"column":3}},"loc":{"start":{"line":41,"column":11},"end":{"line":86,"column":3}},"line":41}},"branchMap":{"0":{"loc":{"start":{"line":77,"column":24},"end":{"line":77,"column":51}},"type":"binary-expr","locations":[{"start":{"line":77,"column":24},"end":{"line":77,"column":34}},{"start":{"line":77,"column":38},"end":{"line":77,"column":51}}],"line":77}},"s":{"0":4,"1":4,"2":101,"3":101,"4":4,"5":44,"6":44,"7":44,"8":4,"9":2,"10":2,"11":2,"12":2,"13":149,"14":149,"15":2},"f":{"0":101,"1":44,"2":2,"3":149},"b":{"0":[149,33]},"_coverageSchema":"1a1c01bbd47fc00a2c39e90264f33305004495a9","hash":"b6cf62666354acfa7a1d909a43acb85c86a081d1"}
,"/home/igor/Desktop/TRYBE/projetos/FrontEnd/sd-027-b-project-trybewallet/src/pages/Wallet.jsx": {"path":"/home/igor/Desktop/TRYBE/projetos/FrontEnd/sd-027-b-project-trybewallet/src/pages/Wallet.jsx","statementMap":{"0":{"start":{"line":8,"column":4},"end":{"line":13,"column":6}}},"fnMap":{"0":{"name":"(anonymous_0)","decl":{"start":{"line":7,"column":2},"end":{"line":7,"column":3}},"loc":{"start":{"line":7,"column":11},"end":{"line":14,"column":3}},"line":7}},"branchMap":{},"s":{"0":5},"f":{"0":5},"b":{},"_coverageSchema":"1a1c01bbd47fc00a2c39e90264f33305004495a9","hash":"f9a527de095e047181bccf55e788ba8b3fb43d7d"}
,"/home/igor/Desktop/TRYBE/projetos/FrontEnd/sd-027-b-project-trybewallet/src/redux/actions/index.js": {"path":"/home/igor/Desktop/TRYBE/projetos/FrontEnd/sd-027-b-project-trybewallet/src/redux/actions/index.js","statementMap":{"0":{"start":{"line":3,"column":31},"end":{"line":3,"column":48}},"1":{"start":{"line":5,"column":30},"end":{"line":5,"column":46}},"2":{"start":{"line":6,"column":25},"end":{"line":6,"column":36}},"3":{"start":{"line":7,"column":30},"end":{"line":7,"column":46}},"4":{"start":{"line":8,"column":30},"end":{"line":8,"column":46}},"5":{"start":{"line":9,"column":26},"end":{"line":9,"column":38}},"6":{"start":{"line":10,"column":28},"end":{"line":10,"column":42}},"7":{"start":{"line":13,"column":29},"end":{"line":16,"column":2}},"8":{"start":{"line":13,"column":43},"end":{"line":16,"column":1}},"9":{"start":{"line":18,"column":29},"end":{"line":21,"column":2}},"10":{"start":{"line":18,"column":43},"end":{"line":21,"column":1}},"11":{"start":{"line":23,"column":28},"end":{"line":26,"column":2}},"12":{"start":{"line":23,"column":40},"end":{"line":26,"column":1}},"13":{"start":{"line":28,"column":28},"end":{"line":31,"column":2}},"14":{"start":{"line":28,"column":42},"end":{"line":31,"column":1}},"15":{"start":{"line":33,"column":29},"end":{"line":36,"column":2}},"16":{"start":{"line":33,"column":38},"end":{"line":36,"column":1}},"17":{"start":{"line":38,"column":25},"end":{"line":41,"column":2}},"18":{"start":{"line":38,"column":34},"end":{"line":41,"column":1}},"19":{"start":{"line":43,"column":33},"end":{"line":46,"column":2}},"20":{"start":{"line":43,"column":47},"end":{"line":46,"column":1}},"21":{"start":{"line":48,"column":26},"end":{"line":52,"column":1}},"22":{"start":{"line":49,"column":19},"end":{"line":49,"column":77}},"23":{"start":{"line":50,"column":15},"end":{"line":50,"column":36}},"24":{"start":{"line":51,"column":2},"end":{"line":51,"column":14}},"25":{"start":{"line":54,"column":31},"end":{"line":62,"column":1}},"26":{"start":{"line":54,"column":37},"end":{"line":62,"column":1}},"27":{"start":{"line":55,"column":2},"end":{"line":61,"column":3}},"28":{"start":{"line":56,"column":17},"end":{"line":56,"column":35}},"29":{"start":{"line":57,"column":4},"end":{"line":57,"column":34}},"30":{"start":{"line":58,"column":4},"end":{"line":58,"column":16}},"31":{"start":{"line":60,"column":4},"end":{"line":60,"column":34}}},"fnMap":{"0":{"name":"(anonymous_0)","decl":{"start":{"line":13,"column":29},"end":{"line":13,"column":30}},"loc":{"start":{"line":13,"column":43},"end":{"line":16,"column":1}},"line":13},"1":{"name":"(anonymous_1)","decl":{"start":{"line":18,"column":29},"end":{"line":18,"column":30}},"loc":{"start":{"line":18,"column":43},"end":{"line":21,"column":1}},"line":18},"2":{"name":"(anonymous_2)","decl":{"start":{"line":23,"column":28},"end":{"line":23,"column":29}},"loc":{"start":{"line":23,"column":40},"end":{"line":26,"column":1}},"line":23},"3":{"name":"(anonymous_3)","decl":{"start":{"line":28,"column":28},"end":{"line":28,"column":29}},"loc":{"start":{"line":28,"column":42},"end":{"line":31,"column":1}},"line":28},"4":{"name":"(anonymous_4)","decl":{"start":{"line":33,"column":29},"end":{"line":33,"column":30}},"loc":{"start":{"line":33,"column":38},"end":{"line":36,"column":1}},"line":33},"5":{"name":"(anonymous_5)","decl":{"start":{"line":38,"column":25},"end":{"line":38,"column":26}},"loc":{"start":{"line":38,"column":34},"end":{"line":41,"column":1}},"line":38},"6":{"name":"(anonymous_6)","decl":{"start":{"line":43,"column":33},"end":{"line":43,"column":34}},"loc":{"start":{"line":43,"column":47},"end":{"line":46,"column":1}},"line":43},"7":{"name":"(anonymous_7)","decl":{"start":{"line":48,"column":26},"end":{"line":48,"column":27}},"loc":{"start":{"line":48,"column":38},"end":{"line":52,"column":1}},"line":48},"8":{"name":"(anonymous_8)","decl":{"start":{"line":54,"column":31},"end":{"line":54,"column":32}},"loc":{"start":{"line":54,"column":37},"end":{"line":62,"column":1}},"line":54},"9":{"name":"(anonymous_9)","decl":{"start":{"line":54,"column":37},"end":{"line":54,"column":38}},"loc":{"start":{"line":54,"column":57},"end":{"line":62,"column":1}},"line":54}},"branchMap":{},"s":{"0":2,"1":2,"2":2,"3":2,"4":2,"5":2,"6":2,"7":2,"8":2,"9":2,"10":2,"11":2,"12":0,"13":2,"14":2,"15":2,"16":1,"17":2,"18":0,"19":2,"20":0,"21":2,"22":7,"23":4,"24":4,"25":2,"26":5,"27":5,"28":5,"29":2,"30":2,"31":0},"f":{"0":2,"1":2,"2":0,"3":2,"4":1,"5":0,"6":0,"7":7,"8":5,"9":5},"b":{},"_coverageSchema":"1a1c01bbd47fc00a2c39e90264f33305004495a9","hash":"fcfab2e55ed7e27d68727bb113e57a551fbdc21e"}
,"/home/igor/Desktop/TRYBE/projetos/FrontEnd/sd-027-b-project-trybewallet/src/redux/reducers/index.js": {"path":"/home/igor/Desktop/TRYBE/projetos/FrontEnd/sd-027-b-project-trybewallet/src/redux/reducers/index.js","statementMap":{"0":{"start":{"line":8,"column":20},"end":{"line":8,"column":53}}},"fnMap":{},"branchMap":{},"s":{"0":2},"f":{},"b":{},"_coverageSchema":"1a1c01bbd47fc00a2c39e90264f33305004495a9","hash":"98a908fc6e453f40ce98fbf4b595fe05ace8cd64"}
,"/home/igor/Desktop/TRYBE/projetos/FrontEnd/sd-027-b-project-trybewallet/src/redux/reducers/user.js": {"path":"/home/igor/Desktop/TRYBE/projetos/FrontEnd/sd-027-b-project-trybewallet/src/redux/reducers/user.js","statementMap":{"0":{"start":{"line":4,"column":22},"end":{"line":6,"column":1}},"1":{"start":{"line":8,"column":20},"end":{"line":17,"column":1}},"2":{"start":{"line":9,"column":2},"end":{"line":16,"column":3}},"3":{"start":{"line":11,"column":4},"end":{"line":13,"column":6}},"4":{"start":{"line":15,"column":4},"end":{"line":15,"column":17}}},"fnMap":{"0":{"name":"(anonymous_0)","decl":{"start":{"line":8,"column":20},"end":{"line":8,"column":21}},"loc":{"start":{"line":8,"column":66},"end":{"line":17,"column":1}},"line":8}},"branchMap":{"0":{"loc":{"start":{"line":8,"column":21},"end":{"line":8,"column":42}},"type":"default-arg","locations":[{"start":{"line":8,"column":29},"end":{"line":8,"column":42}}],"line":8},"1":{"loc":{"start":{"line":9,"column":2},"end":{"line":16,"column":3}},"type":"switch","locations":[{"start":{"line":10,"column":2},"end":{"line":13,"column":6}},{"start":{"line":14,"column":2},"end":{"line":15,"column":17}}],"line":9}},"s":{"0":2,"1":2,"2":18,"3":2,"4":16},"f":{"0":18},"b":{"0":[7],"1":[2,16]},"_coverageSchema":"1a1c01bbd47fc00a2c39e90264f33305004495a9","hash":"35e7e82f6a05ac3ca04d8ac6715fe187b4f0ee93"}
,"/home/igor/Desktop/TRYBE/projetos/FrontEnd/sd-027-b-project-trybewallet/src/redux/reducers/wallet.js": {"path":"/home/igor/Desktop/TRYBE/projetos/FrontEnd/sd-027-b-project-trybewallet/src/redux/reducers/wallet.js","statementMap":{"0":{"start":{"line":6,"column":22},"end":{"line":11,"column":1}},"1":{"start":{"line":13,"column":22},"end":{"line":51,"column":1}},"2":{"start":{"line":14,"column":2},"end":{"line":50,"column":3}},"3":{"start":{"line":16,"column":4},"end":{"line":16,"column":24}},"4":{"start":{"line":17,"column":4},"end":{"line":20,"column":6}},"5":{"start":{"line":22,"column":4},"end":{"line":25,"column":6}},"6":{"start":{"line":27,"column":4},"end":{"line":30,"column":6}},"7":{"start":{"line":29,"column":45},"end":{"line":29,"column":61}},"8":{"start":{"line":32,"column":4},"end":{"line":36,"column":6}},"9":{"start":{"line":38,"column":4},"end":{"line":47,"column":6}},"10":{"start":{"line":42,"column":22},"end":{"line":43,"column":36}},"11":{"start":{"line":49,"column":4},"end":{"line":49,"column":17}}},"fnMap":{"0":{"name":"(anonymous_0)","decl":{"start":{"line":13,"column":22},"end":{"line":13,"column":23}},"loc":{"start":{"line":13,"column":68},"end":{"line":51,"column":1}},"line":13},"1":{"name":"(anonymous_1)","decl":{"start":{"line":29,"column":38},"end":{"line":29,"column":39}},"loc":{"start":{"line":29,"column":45},"end":{"line":29,"column":61}},"line":29},"2":{"name":"(anonymous_2)","decl":{"start":{"line":42,"column":8},"end":{"line":42,"column":9}},"loc":{"start":{"line":42,"column":22},"end":{"line":43,"column":36}},"line":42}},"branchMap":{"0":{"loc":{"start":{"line":13,"column":23},"end":{"line":13,"column":44}},"type":"default-arg","locations":[{"start":{"line":13,"column":31},"end":{"line":13,"column":44}}],"line":13},"1":{"loc":{"start":{"line":14,"column":2},"end":{"line":50,"column":3}},"type":"switch","locations":[{"start":{"line":15,"column":2},"end":{"line":20,"column":6}},{"start":{"line":21,"column":2},"end":{"line":25,"column":6}},{"start":{"line":26,"column":2},"end":{"line":30,"column":6}},{"start":{"line":31,"column":2},"end":{"line":36,"column":6}},{"start":{"line":37,"column":2},"end":{"line":47,"column":6}},{"start":{"line":48,"column":2},"end":{"line":49,"column":17}}],"line":14},"2":{"loc":{"start":{"line":42,"column":22},"end":{"line":43,"column":36}},"type":"cond-expr","locations":[{"start":{"line":43,"column":12},"end":{"line":43,"column":26}},{"start":{"line":43,"column":29},"end":{"line":43,"column":36}}],"line":42}},"s":{"0":2,"1":2,"2":18,"3":2,"4":2,"5":2,"6":1,"7":2,"8":0,"9":0,"10":0,"11":13},"f":{"0":18,"1":2,"2":0},"b":{"0":[7],"1":[2,2,1,0,0,13],"2":[0,0]},"_coverageSchema":"1a1c01bbd47fc00a2c39e90264f33305004495a9","hash":"0bff864cb4d39dff8f645ca46b97961eca019f55"}
}
