{"total": {"lines":{"total":109,"covered":108,"skipped":0,"pct":99.08},"statements":{"total":120,"covered":118,"skipped":0,"pct":98.33},"functions":{"total":40,"covered":39,"skipped":0,"pct":97.5},"branches":{"total":20,"covered":19,"skipped":0,"pct":95},"branchesTrue":{"total":0,"covered":0,"skipped":0,"pct":100}}
,"/home/igor/Desktop/TRYBE/projetos/FrontEnd/sd-027-b-project-trybewallet/src/App.js": {"lines":{"total":1,"covered":1,"skipped":0,"pct":100},"functions":{"total":1,"covered":1,"skipped":0,"pct":100},"statements":{"total":1,"covered":1,"skipped":0,"pct":100},"branches":{"total":0,"covered":0,"skipped":0,"pct":100}}
,"/home/igor/Desktop/TRYBE/projetos/FrontEnd/sd-027-b-project-trybewallet/src/components/Header.jsx": {"lines":{"total":7,"covered":7,"skipped":0,"pct":100},"functions":{"total":3,"covered":3,"skipped":0,"pct":100},"statements":{"total":8,"covered":8,"skipped":0,"pct":100},"branches":{"total":0,"covered":0,"skipped":0,"pct":100}}
,"/home/igor/Desktop/TRYBE/projetos/FrontEnd/sd-027-b-project-trybewallet/src/components/Table.jsx": {"lines":{"total":13,"covered":13,"skipped":0,"pct":100},"functions":{"total":7,"covered":7,"skipped":0,"pct":100},"statements":{"total":14,"covered":14,"skipped":0,"pct":100},"branches":{"total":2,"covered":2,"skipped":0,"pct":100}}
,"/home/igor/Desktop/TRYBE/projetos/FrontEnd/sd-027-b-project-trybewallet/src/components/WalletForm.jsx": {"lines":{"total":29,"covered":29,"skipped":0,"pct":100},"functions":{"total":10,"covered":10,"skipped":0,"pct":100},"statements":{"total":30,"covered":30,"skipped":0,"pct":100},"branches":{"total":4,"covered":4,"skipped":0,"pct":100}}
,"/home/igor/Desktop/TRYBE/projetos/FrontEnd/sd-027-b-project-trybewallet/src/pages/Login.jsx": {"lines":{"total":16,"covered":16,"skipped":0,"pct":100},"functions":{"total":4,"covered":4,"skipped":0,"pct":100},"statements":{"total":16,"covered":16,"skipped":0,"pct":100},"branches":{"total":2,"covered":2,"skipped":0,"pct":100}}
,"/home/igor/Desktop/TRYBE/projetos/FrontEnd/sd-027-b-project-trybewallet/src/pages/Wallet.jsx": {"lines":{"total":1,"covered":1,"skipped":0,"pct":100},"functions":{"total":1,"covered":1,"skipped":0,"pct":100},"statements":{"total":1,"covered":1,"skipped":0,"pct":100},"branches":{"total":0,"covered":0,"skipped":0,"pct":100}}
,"/home/igor/Desktop/TRYBE/projetos/FrontEnd/sd-027-b-project-trybewallet/src/redux/actions/index.js": {"lines":{"total":24,"covered":23,"skipped":0,"pct":95.83},"functions":{"total":10,"covered":9,"skipped":0,"pct":90},"statements":{"total":32,"covered":30,"skipped":0,"pct":93.75},"branches":{"total":0,"covered":0,"skipped":0,"pct":100}}
,"/home/igor/Desktop/TRYBE/projetos/FrontEnd/sd-027-b-project-trybewallet/src/redux/reducers/index.js": {"lines":{"total":1,"covered":1,"skipped":0,"pct":100},"functions":{"total":0,"covered":0,"skipped":0,"pct":100},"statements":{"total":1,"covered":1,"skipped":0,"pct":100},"branches":{"total":0,"covered":0,"skipped":0,"pct":100}}
,"/home/igor/Desktop/TRYBE/projetos/FrontEnd/sd-027-b-project-trybewallet/src/redux/reducers/user.js": {"lines":{"total":5,"covered":5,"skipped":0,"pct":100},"functions":{"total":1,"covered":1,"skipped":0,"pct":100},"statements":{"total":5,"covered":5,"skipped":0,"pct":100},"branches":{"total":3,"covered":3,"skipped":0,"pct":100}}
,"/home/igor/Desktop/TRYBE/projetos/FrontEnd/sd-027-b-project-trybewallet/src/redux/reducers/wallet.js": {"lines":{"total":12,"covered":12,"skipped":0,"pct":100},"functions":{"total":3,"covered":3,"skipped":0,"pct":100},"statements":{"total":12,"covered":12,"skipped":0,"pct":100},"branches":{"total":9,"covered":8,"skipped":0,"pct":88.88}}
}
