TN:
SF:src/App.js
FN:7,(anonymous_0)
FNF:1
FNH:1
FNDA:7,(anonymous_0)
DA:8,7
LF:1
LH:1
BRF:0
BRH:0
end_of_record
TN:
SF:src/components/Header.jsx
FN:9,(anonymous_0)
FN:11,(anonymous_1)
FN:42,(anonymous_2)
FNF:3
FNH:3
FNDA:8,(anonymous_0)
FNDA:8,(anonymous_1)
FNDA:9,(anonymous_2)
DA:10,8
DA:11,8
DA:12,8
DA:13,8
DA:16,8
DA:42,9
DA:47,2
LF:7
LH:7
BRF:0
BRH:0
end_of_record
TN:
SF:src/components/Table.jsx
FN:8,(anonymous_0)
FN:13,(anonymous_1)
FN:18,(anonymous_2)
FN:56,(anonymous_3)
FN:89,(anonymous_4)
FN:97,(anonymous_5)
FN:124,(anonymous_6)
FNF:7
FNH:5
FNDA:1,(anonymous_0)
FNDA:0,(anonymous_1)
FNDA:8,(anonymous_2)
FNDA:8,(anonymous_3)
FNDA:0,(anonymous_4)
FNDA:1,(anonymous_5)
FNDA:9,(anonymous_6)
DA:8,5
DA:9,1
DA:10,1
DA:13,5
DA:14,0
DA:15,0
DA:19,8
DA:20,8
DA:59,8
DA:89,0
DA:97,1
DA:113,2
DA:124,9
LF:13
LH:10
BRF:0
BRH:0
end_of_record
TN:
SF:src/components/WalletForm.jsx
FN:20,(anonymous_0)
FN:25,(anonymous_1)
FN:31,(anonymous_2)
FN:38,(anonymous_3)
FN:53,(anonymous_4)
FN:59,(anonymous_5)
FN:62,(anonymous_6)
FN:71,(anonymous_7)
FN:105,(anonymous_8)
FN:173,(anonymous_9)
FNF:10
FNH:8
FNDA:5,(anonymous_0)
FNDA:14,(anonymous_1)
FNDA:2,(anonymous_2)
FNDA:2,(anonymous_3)
FNDA:0,(anonymous_4)
FNDA:0,(anonymous_5)
FNDA:2,(anonymous_6)
FNDA:25,(anonymous_7)
FNDA:45,(anonymous_8)
FNDA:9,(anonymous_9)
DA:10,5
DA:21,5
DA:22,5
DA:25,5
DA:26,14
DA:31,5
DA:32,2
DA:33,2
DA:35,2
DA:39,2
DA:40,2
DA:49,2
DA:53,5
DA:54,0
DA:55,0
DA:56,0
DA:59,0
DA:62,5
DA:63,2
DA:64,2
DA:65,0
DA:66,0
DA:68,2
DA:72,25
DA:73,25
DA:74,25
DA:106,45
DA:161,2
DA:173,9
LF:29
LH:23
BRDA:64,0,0,0
BRDA:64,0,1,2
BRDA:146,1,0,0
BRDA:146,1,1,25
BRF:4
BRH:2
end_of_record
TN:
SF:src/pages/Login.jsx
FN:16,(anonymous_0)
FN:25,(anonymous_1)
FN:34,(anonymous_2)
FN:41,(anonymous_3)
FNF:4
FNH:4
FNDA:101,(anonymous_0)
FNDA:44,(anonymous_1)
FNDA:2,(anonymous_2)
FNDA:149,(anonymous_3)
DA:9,4
DA:16,4
DA:17,101
DA:19,101
DA:25,4
DA:26,44
DA:27,44
DA:28,44
DA:34,4
DA:35,2
DA:36,2
DA:37,2
DA:38,2
DA:47,149
DA:49,149
DA:89,2
LF:16
LH:16
BRDA:77,0,0,149
BRDA:77,0,1,33
BRF:2
BRH:2
end_of_record
TN:
SF:src/pages/Wallet.jsx
FN:7,(anonymous_0)
FNF:1
FNH:1
FNDA:5,(anonymous_0)
DA:8,5
LF:1
LH:1
BRF:0
BRH:0
end_of_record
TN:
SF:src/redux/actions/index.js
FN:13,(anonymous_0)
FN:18,(anonymous_1)
FN:23,(anonymous_2)
FN:28,(anonymous_3)
FN:33,(anonymous_4)
FN:38,(anonymous_5)
FN:43,(anonymous_6)
FN:48,(anonymous_7)
FN:54,(anonymous_8)
FN:54,(anonymous_9)
FNF:10
FNH:7
FNDA:2,(anonymous_0)
FNDA:2,(anonymous_1)
FNDA:0,(anonymous_2)
FNDA:2,(anonymous_3)
FNDA:1,(anonymous_4)
FNDA:0,(anonymous_5)
FNDA:0,(anonymous_6)
FNDA:7,(anonymous_7)
FNDA:5,(anonymous_8)
FNDA:5,(anonymous_9)
DA:3,2
DA:5,2
DA:6,2
DA:7,2
DA:8,2
DA:9,2
DA:10,2
DA:13,2
DA:18,2
DA:23,2
DA:28,2
DA:33,2
DA:38,2
DA:43,2
DA:48,2
DA:49,7
DA:50,4
DA:51,4
DA:54,5
DA:55,5
DA:56,5
DA:57,2
DA:58,2
DA:60,0
LF:24
LH:23
BRF:0
BRH:0
end_of_record
TN:
SF:src/redux/reducers/index.js
FNF:0
FNH:0
DA:8,2
LF:1
LH:1
BRF:0
BRH:0
end_of_record
TN:
SF:src/redux/reducers/user.js
FN:8,(anonymous_0)
FNF:1
FNH:1
FNDA:18,(anonymous_0)
DA:4,2
DA:8,2
DA:9,18
DA:11,2
DA:15,16
LF:5
LH:5
BRDA:8,0,0,7
BRDA:9,1,0,2
BRDA:9,1,1,16
BRF:3
BRH:3
end_of_record
TN:
SF:src/redux/reducers/wallet.js
FN:13,(anonymous_0)
FN:29,(anonymous_1)
FN:42,(anonymous_2)
FNF:3
FNH:2
FNDA:18,(anonymous_0)
FNDA:2,(anonymous_1)
FNDA:0,(anonymous_2)
DA:6,2
DA:13,2
DA:14,18
DA:16,2
DA:17,2
DA:22,2
DA:27,1
DA:29,2
DA:32,0
DA:38,0
DA:42,0
DA:49,13
LF:12
LH:9
BRDA:13,0,0,7
BRDA:14,1,0,2
BRDA:14,1,1,2
BRDA:14,1,2,1
BRDA:14,1,3,0
BRDA:14,1,4,0
BRDA:14,1,5,13
BRDA:42,2,0,0
BRDA:42,2,1,0
BRF:9
BRH:5
end_of_record
